 [94m INFO (2024-05-31 21:19:51,620): User $argon2id$v=19$m=65536,t=3,p=4$yPkeG/w5ZvKCnBoEAeeZmQ$xW3LHt/Eb0TkZj/f7fbwpqnfDwtADJUQ0xHPCR1nlzA succesfully registred (Line: 98) user_loger [router.py]
 [94m WARNING (2024-05-31 21:19:51,720): User $argon2id$v=19$m=65536,t=3,p=4$8FejnVeJ4xXRN2ZYY8MXAg$Xm8kLLLx1xm2QgpOnOLHOp9mQXj1/2iVQopEPHqEeAg is already exist (Line: 95) user_loger [router.py]
 [94m WARNING (2024-05-31 21:19:51,771): User $argon2id$v=19$m=65536,t=3,p=4$WEA3nfIp35S0ZOqq2Pyo9A$rYprPuiNrC3zKwHIpK0bPzWPM4D/rjQtrwQTb35g81Q is already exist (Line: 95) user_loger [router.py]
 [94m INFO (2024-05-31 21:21:09,056): User $argon2id$v=19$m=65536,t=3,p=4$pjNByuWeXWlrtSVoeGWOfw$WQiWUeAN1wqgDvWrUjjicZLAOgogkJoJPdbljsZ18LA succesfully registred (Line: 98) user_loger [router.py]
 [94m WARNING (2024-05-31 21:21:09,197): User $argon2id$v=19$m=65536,t=3,p=4$U4jzGvJ1ACc+fUbITzOwFA$mYzltbCFSgN1NzroZRk33HEjOopy4+adhWEbwQxkCqU is already exist (Line: 95) user_loger [router.py]
 [94m WARNING (2024-05-31 21:21:09,247): User $argon2id$v=19$m=65536,t=3,p=4$dVovrmzF/FwjM+5nnKW87g$4anMxTOvoaszHFDLOMr2Mpd2e3GJEzkgdqJLP02TXgQ is already exist (Line: 95) user_loger [router.py]
 [94m INFO (2024-05-31 21:23:07,611): User $argon2id$v=19$m=65536,t=3,p=4$s3uhGQdh1tj62gQOfjjM/g$hx0eAip2mZEzQjo+oVOYmeCQDGUmOq/fId8wGxuWOIw succesfully registred (Line: 98) user_loger [router.py]
 [94m WARNING (2024-05-31 21:23:07,721): User $argon2id$v=19$m=65536,t=3,p=4$uIhTgo+2mXSUtQV0rLKAKQ$yLa1yYpB1Yc/7MVTqY0SdIpmJQztu+SYTRn8yBEBQvY is already exist (Line: 95) user_loger [router.py]
 [94m WARNING (2024-05-31 21:23:07,773): User $argon2id$v=19$m=65536,t=3,p=4$zsHtvhD+crG1HiKlewhgWQ$dGgYiC9YVs2FDYoQKrktN3Y3IdQfkAR+jy8hxREGsL8 is already exist (Line: 95) user_loger [router.py]
 [94m INFO (2024-05-31 21:24:40,506): User $argon2id$v=19$m=65536,t=3,p=4$4hdtRXymn8u0K5BsGk4E7g$anTIwqhQyNxVtje1o2IsCVyusxcXUP/q152G3ujOn7o succesfully registred (Line: 98) user_loger [router.py]
 [94m WARNING (2024-05-31 21:24:40,608): User $argon2id$v=19$m=65536,t=3,p=4$Dml64HJJTvdevN6UmpDRxw$rXBQAExXsLMg/cp+xKkHkehBxnKtzZF4JDA1qlQIO5E is already exist (Line: 95) user_loger [router.py]
 [94m WARNING (2024-05-31 21:24:40,659): User $argon2id$v=19$m=65536,t=3,p=4$E1Rrf7BaPqkFARDAXwpAgA$dz4+rByON1uAorohuljod2T3SMVLjhA8t1riru92fa0 is already exist (Line: 95) user_loger [router.py]
 [94m INFO (2024-05-31 21:32:36,774): User $argon2id$v=19$m=65536,t=3,p=4$29cfqq7NJHuzxqCc9PREsQ$EX0gp1EstpSWPNBfQ/mQhT+9sc23aCDLzQR6dKL5mNg succesfully registred (Line: 98) user_loger [router.py]
 [94m WARNING (2024-05-31 21:32:36,876): User $argon2id$v=19$m=65536,t=3,p=4$HB675lgOU0cM080nEc7zvQ$gBt4sg33JAh+gJgQnz5h/hwggIrXXo0O+y8hn1Wu20A is already exist (Line: 95) user_loger [router.py]
 [94m WARNING (2024-05-31 21:32:36,927): User $argon2id$v=19$m=65536,t=3,p=4$DmwPqLEWwObL1ecGSc5W4A$W1BW8WXAT6N4bvQwYsTSEmDoARK7Fnc9cH4tJNqkUSY is already exist (Line: 95) user_loger [router.py]
 [94m INFO (2024-05-31 21:34:09,296): User $argon2id$v=19$m=65536,t=3,p=4$Qk2VdrqU+OQtWlNOpOvwTA$AYX7jZMBlHHzOHD54hIqVMW0jcBSJFuquYaZW/vBv6Q succesfully registred (Line: 98) user_loger [router.py]
 [94m WARNING (2024-05-31 21:34:09,398): User $argon2id$v=19$m=65536,t=3,p=4$GyjdmLN6Tv5GD6a4MBJNhA$dKvxqx4r4tW/A7hHLHSojDD70By80+oDLgnI1wbc2+I is already exist (Line: 95) user_loger [router.py]
 [94m WARNING (2024-05-31 21:34:09,447): User $argon2id$v=19$m=65536,t=3,p=4$jlVCMWuud3YQ85QO0rkywg$9upfWN5HRAaJQWyi0LTeNy0cqQpvuOt25E/BzSwx6lE is already exist (Line: 95) user_loger [router.py]
 [94m INFO (2024-05-31 21:52:49,338): User $argon2id$v=19$m=65536,t=3,p=4$8s/kb0s2UgWBeVVM0LHTIw$US7j6Ibgmes+aCtoaTUIhDaEhoDmFG0FROEpwbtf30s succesfully registred (Line: 98) user_loger [router.py]
 [94m WARNING (2024-05-31 21:52:49,441): User $argon2id$v=19$m=65536,t=3,p=4$nVFVWVdi+nOJZY5i0R011g$f5a3rTOANi+Cqy2Pyh/YISFqjJKdJ4GQnqWcGR9WSTE is already exist (Line: 95) user_loger [router.py]
 [94m WARNING (2024-05-31 21:52:49,491): User $argon2id$v=19$m=65536,t=3,p=4$Z5WFCEovBOWh8OyfCFhbHQ$5F22q8UMP+fhSyXzoIoLQFKP5uuswU/hSExse0apkiE is already exist (Line: 95) user_loger [router.py]
 [94m INFO (2024-05-31 21:53:19,280): User $argon2id$v=19$m=65536,t=3,p=4$muTixAxn3aC3vDV0qQSKlQ$4uw2DlkDvuR6aK5zQJdCrpTwU15auSe/apMznVK0JPc succesfully registred (Line: 98) user_loger [router.py]
 [94m WARNING (2024-05-31 21:53:19,381): User $argon2id$v=19$m=65536,t=3,p=4$Rg3R0a9YVXmsfIfY8KSHnA$uUywB6dWHwHaB9IG+cIekHevyNTPXEJm0pfLXkZA1Rc is already exist (Line: 95) user_loger [router.py]
 [94m WARNING (2024-05-31 21:53:19,432): User $argon2id$v=19$m=65536,t=3,p=4$V1tmndRt1KtbfbpjxeHYFw$CTkG9AcnT5z02mrkalPQvqsvVY+7DPqKV29NHrnL4q4 is already exist (Line: 95) user_loger [router.py]
 [94m INFO (2024-05-31 21:54:58,798): User $argon2id$v=19$m=65536,t=3,p=4$A+yhtTxM9+9d0EGM28xT4g$Nl16ns9Dhlmy1AjmozUI/HIMx9DBG46aj/DWDd9BMv0 succesfully registred (Line: 98) user_loger [router.py]
 [94m WARNING (2024-05-31 21:54:58,901): User $argon2id$v=19$m=65536,t=3,p=4$6JaQJHoUP8DtecT1UHoAXw$MfL0aIKPam/xtT8t8ZvwBj3jh8X39PM7qBK/iTLyNjE is already exist (Line: 95) user_loger [router.py]
 [94m WARNING (2024-05-31 21:54:58,953): User $argon2id$v=19$m=65536,t=3,p=4$uR1RqIx/s4XQ7upiJymixg$z0c0ckvPb67Ny4+61H1YO5EFbd5h/B8UHnmaLs+eCBQ is already exist (Line: 95) user_loger [router.py]
 [94m INFO (2024-05-31 21:55:53,478): User $argon2id$v=19$m=65536,t=3,p=4$uqW8gNrD1ekzI6SmErp61w$ZuM3DDoGjqSoCMN1WgVN+qkz5WcvDzyr8u/2Md530aQ succesfully registred (Line: 98) user_loger [router.py]
 [94m WARNING (2024-05-31 21:55:53,579): User $argon2id$v=19$m=65536,t=3,p=4$FXoptWDcFBB3PTwol6kU6w$c4joGRgh4YbYifsKmIOa8TqM4fXSl0fASgLpng23MhM is already exist (Line: 95) user_loger [router.py]
 [94m WARNING (2024-05-31 21:55:53,630): User $argon2id$v=19$m=65536,t=3,p=4$S/C9hQbxE6Fkrpo8FjQHbg$OHprtgST8sWthzVnOLI8na7c367IePn+Qysj13H86Zs is already exist (Line: 95) user_loger [router.py]
 [94m INFO (2024-05-31 21:58:30,237): User $argon2id$v=19$m=65536,t=3,p=4$Q5ujA/CEhOukpu9s/Cv+sg$bRt2f2d2mVDsBJn/na7vZs603S0EOJKq06qyan5jQQI succesfully registred (Line: 98) user_loger [router.py]
 [94m WARNING (2024-05-31 21:58:30,338): User $argon2id$v=19$m=65536,t=3,p=4$Iz1drkEhBSKM5MO+Fuax2w$q+hfgBM9TUVikteXm5qty9fOeVnG4LhA/fiKiUIJQWE is already exist (Line: 95) user_loger [router.py]
 [94m WARNING (2024-05-31 21:58:30,387): User $argon2id$v=19$m=65536,t=3,p=4$7dNsFGbIUgvwFbKFPMvv4A$Q/GgLrcymukiWS9+8tMkQ8GvejlN07vrJkydqnDt/BE is already exist (Line: 95) user_loger [router.py]
 [94m INFO (2024-05-31 22:01:48,105): User $argon2id$v=19$m=65536,t=3,p=4$MYSAu9KYpyMre8z6gGHDnQ$mga90yR7WR3+dkQ7QaXhNBk9jA0Pw/Nxk7qdQPni6GY succesfully registred (Line: 98) user_loger [router.py]
 [94m WARNING (2024-05-31 22:01:48,205): User $argon2id$v=19$m=65536,t=3,p=4$9950YdR+QDstTIJNIREKLA$U4R98eGlC6YKePknJyN5hZiM2YVuigdIJmp9duDaF9o is already exist (Line: 95) user_loger [router.py]
 [94m WARNING (2024-05-31 22:01:48,254): User $argon2id$v=19$m=65536,t=3,p=4$MG9LgMqjvKL4+I4hp5FA8w$17UNDrEASAe5L8g8CX4GzDlEPX5ervUQqWkya8LLNmg is already exist (Line: 95) user_loger [router.py]
 [94m INFO (2024-05-31 22:02:42,375): User $argon2id$v=19$m=65536,t=3,p=4$W60hijvVumhBImL8Dq61vQ$mRsjRxyYyv4Hez+HAX4vicZ8A841J3YzYs3CDYe1fjQ succesfully registred (Line: 98) user_loger [router.py]
 [94m WARNING (2024-05-31 22:02:42,477): User $argon2id$v=19$m=65536,t=3,p=4$ecu/W0Ag1kKLkH9f652CDA$5znp3kErMi156LHHKLv2MmaGg9Cp6pZyOfg3LYTz1qI is already exist (Line: 95) user_loger [router.py]
 [94m WARNING (2024-05-31 22:02:42,526): User $argon2id$v=19$m=65536,t=3,p=4$12VDvxZMGWMeDikUni5OrQ$DR1x6pfH1P69FZBQvAxMbC7be4CS0KHkzViCJOczSL8 is already exist (Line: 95) user_loger [router.py]
 [94m INFO (2024-05-31 22:04:05,769): User $argon2id$v=19$m=65536,t=3,p=4$nk0tMvF6IF8tt0CtiBzSpw$YXIAAQ25SHF2uKmO76QLjRBl3S3RPxSEy7/id08zths succesfully registred (Line: 98) user_loger [router.py]
 [94m WARNING (2024-05-31 22:04:05,870): User $argon2id$v=19$m=65536,t=3,p=4$PMazd+LbpPgyH/aupMjTMg$QUfbp3DbUf7XxD8Xbbob+dp6yawmkA5AkhvX9fLoBp4 is already exist (Line: 95) user_loger [router.py]
 [94m WARNING (2024-05-31 22:04:05,920): User $argon2id$v=19$m=65536,t=3,p=4$WocIPwB6ktMF1/MYHGHxhQ$VGg4rm+aDYI5Fy0Ax4oG3Lc73SKzdai8shq+1qPiz/c is already exist (Line: 95) user_loger [router.py]
 [94m INFO (2024-05-31 22:04:24,230): User $argon2id$v=19$m=65536,t=3,p=4$CzBEWMQH1JE3imu/SVYPsw$Tx1rDQXcQfKd80eqyf5+gWsLCgtz0VQbVGAl5v7e+ng succesfully registred (Line: 98) user_loger [router.py]
 [94m WARNING (2024-05-31 22:04:24,339): User $argon2id$v=19$m=65536,t=3,p=4$FimfHMESpEWGDy+KDuxTAw$ikm6ddfVw7qs6i2+ckoxhj5NKDWy2ldHqafzJUpdkKA is already exist (Line: 95) user_loger [router.py]
 [94m WARNING (2024-05-31 22:04:24,389): User $argon2id$v=19$m=65536,t=3,p=4$NmVfXQmMzxqmpcyCGduHfw$AWpKNyo1v1zWcgyZHR7G/UDbbz552u9vYj4ad95JUuM is already exist (Line: 95) user_loger [router.py]
 [94m INFO (2024-05-31 22:04:47,344): User $argon2id$v=19$m=65536,t=3,p=4$YUuGFh8o01HMU96p+twWOA$OK/CBeJfJPJCZ0b35zoPx6rkfVbavUMjN/Lr+0oaGdo succesfully registred (Line: 98) user_loger [router.py]
 [94m WARNING (2024-05-31 22:04:47,443): User $argon2id$v=19$m=65536,t=3,p=4$8ipYTaIqT25R/GMlv1/vYw$V2Pv0+bp9sEIGTDirAwBf2YQJMtiOEAKp9VFOKvk2xk is already exist (Line: 95) user_loger [router.py]
 [94m WARNING (2024-05-31 22:04:47,493): User $argon2id$v=19$m=65536,t=3,p=4$zCi8yajSWWUSqKx9+z1lCA$Ou+o47xBigG3+6t8f/BCzi21KIF/tpQeL0tzNcb6mt0 is already exist (Line: 95) user_loger [router.py]
 [94m INFO (2024-05-31 22:11:58,230): User $argon2id$v=19$m=65536,t=3,p=4$Bx96aUyTAhrR8a1KkrdXVQ$CNZQ5OdyfriJMduu1zkAeJaugrLV1wd8vkE8REtLtEo succesfully registred (Line: 98) user_loger [router.py]
 [94m WARNING (2024-05-31 22:11:58,338): User $argon2id$v=19$m=65536,t=3,p=4$DxZsjrWIyDOWx6dLMThg3A$uKjFDJFNbAD7Vq2B1NQWLDiG0bb0DthcXZaPR7OaXPg is already exist (Line: 95) user_loger [router.py]
 [94m WARNING (2024-05-31 22:11:58,391): User $argon2id$v=19$m=65536,t=3,p=4$fRCzp4kCTrYu/05UituooQ$A31ON8MPigB/yfnvp5Yz1h0J5EnEwBN4NgLkCjOua78 is already exist (Line: 95) user_loger [router.py]
 [94m INFO (2024-05-31 22:14:18,310): User $argon2id$v=19$m=65536,t=3,p=4$bjLNR9wJ4gQacKOMKcgS/w$sLRYQSh7GYiHJ+rIQG9yUwkuNWQ09pCZ8DoaqOfXQow succesfully registred (Line: 98) user_loger [router.py]
 [94m WARNING (2024-05-31 22:14:18,410): User $argon2id$v=19$m=65536,t=3,p=4$9+NOwmJ4zUq+OllzGo4FaQ$ROfyrTmMp3Qh0tLdUUJr+gAQBB+zr0cPw43Xs29ojug is already exist (Line: 95) user_loger [router.py]
 [94m WARNING (2024-05-31 22:14:18,459): User $argon2id$v=19$m=65536,t=3,p=4$OwwAz2amz7UJdulUJoV3gw$1vRYO5RJ0FJA5ZDKOEoDlo51L69KZOFHtT1yd0F7QzM is already exist (Line: 95) user_loger [router.py]
 [94m INFO (2024-05-31 22:14:48,362): User $argon2id$v=19$m=65536,t=3,p=4$yaAXxBG2G+Tz9YH9OXp6gQ$O7exiNiYJW3Z2c5cLaiGvUJRRZqCcgHzsBdaMzy102o succesfully registred (Line: 98) user_loger [router.py]
 [94m WARNING (2024-05-31 22:14:48,462): User $argon2id$v=19$m=65536,t=3,p=4$OceXOvkTc1ZB4u4ReAWFhQ$AitOt86lZCaOwkIpaFVnrBn2k7J1I7Cfz+mg4JpS53k is already exist (Line: 95) user_loger [router.py]
 [94m WARNING (2024-05-31 22:14:48,513): User $argon2id$v=19$m=65536,t=3,p=4$kjPB9EOa0OEzXoct3GwdVA$FqDed5DJavSPcF7tJImYgt4Gfp3Q7N8IVncBLPg7J00 is already exist (Line: 95) user_loger [router.py]
 [94m INFO (2024-05-31 22:14:57,190): User $argon2id$v=19$m=65536,t=3,p=4$FCzYtVopdw0FNLfPQ2MJwA$CRhpLLIN6GXHqQjBxUeVLNbrg4ec9CDFTN0KJs/s8cY succesfully registred (Line: 98) user_loger [router.py]
 [94m WARNING (2024-05-31 22:14:57,293): User $argon2id$v=19$m=65536,t=3,p=4$4rVNRnJIV6rhUXbY+RtcSQ$r9rMIZ2+6A3b821RSAqHH7AACkQxS+D8EkGbPkLSy04 is already exist (Line: 95) user_loger [router.py]
 [94m WARNING (2024-05-31 22:14:57,342): User $argon2id$v=19$m=65536,t=3,p=4$K4MudKqA9GawWrYArfWemA$XMLH2wF9OKk6JU/UXMWlIOYzUveh8iu41PTGtDiEahQ is already exist (Line: 95) user_loger [router.py]
 [94m INFO (2024-05-31 22:17:16,060): User $argon2id$v=19$m=65536,t=3,p=4$gME/Jbp/9AhUhFoL32FNvw$e5oGzkxfxm2ToB1EX/GQEYHWRPeDtJWqJxOnc0d31pI succesfully registred (Line: 98) user_loger [router.py]
 [94m WARNING (2024-05-31 22:17:16,160): User $argon2id$v=19$m=65536,t=3,p=4$u1QL1rlSxwyYTn7du/Z0kA$wquq8g5bG7WsPbTGyjdAuEQfXJG9rlniReS2vmcVu7Q is already exist (Line: 95) user_loger [router.py]
 [94m WARNING (2024-05-31 22:17:16,210): User $argon2id$v=19$m=65536,t=3,p=4$OS/WGqVAhk9cpPHQfExz0g$/7KXG3VpZybLklc9xmJmr0GlDAp3X8tWVdL7ijhZTkg is already exist (Line: 95) user_loger [router.py]
 [94m INFO (2024-05-31 22:19:57,644): User $argon2id$v=19$m=65536,t=3,p=4$dpON3KURdRd6Q+BOHD8uEg$OqdKaxsESkEakFv03rpCwebs/ZVCffdwdTI8APxDJsM succesfully registred (Line: 98) user_loger [router.py]
 [94m WARNING (2024-05-31 22:19:57,746): User $argon2id$v=19$m=65536,t=3,p=4$pEsjIwct8NF1oFs8L8U3yA$aqQ+TF0k04GM5Baps41YA9Xz/sVDzT3VB3kxl6a+Qsc is already exist (Line: 95) user_loger [router.py]
 [94m WARNING (2024-05-31 22:19:57,797): User $argon2id$v=19$m=65536,t=3,p=4$725jiHUDwkWCiarn+d7PKQ$aDUHpGqYe/xr69VHpaWgK2wgzhUbQEWDvw+fGRW93wk is already exist (Line: 95) user_loger [router.py]
 [94m WARNING (2024-05-31 22:25:15,396): User $argon2id$v=19$m=65536,t=3,p=4$s5vYL0iktqwmKER0HUQr3Q$eCZEoXIGAqUlhc1P71QmpXBF6wRh2SSNJYXp6u4dz2Q is already exist (Line: 95) user_loger [router.py]
 [94m INFO (2024-05-31 22:25:47,313): User $argon2id$v=19$m=65536,t=3,p=4$4jGukChK8V1JT8lC5LyAcg$JpOnCn83ckXJM0uLsGC0wdEYAhusEPLX6ZqFZfwQUEw succesfully registred (Line: 98) user_loger [router.py]
 [94m WARNING (2024-05-31 22:25:47,425): User $argon2id$v=19$m=65536,t=3,p=4$Ui3Tt4lSgiITHSV1+yAVnA$4I/t/6Cvzs8lPPMP5sE1Vhyqn5jjOdx0TNapOO2PPxo is already exist (Line: 95) user_loger [router.py]
 [94m WARNING (2024-05-31 22:25:47,474): User $argon2id$v=19$m=65536,t=3,p=4$/KM53amlSFGBqRS0llEeyg$9ENSvoU7FPbDxCj5or9N0KbTr6RFqdhrOXuJdDCo7Ak is already exist (Line: 95) user_loger [router.py]
 [94m INFO (2024-05-31 22:29:40,866): User $argon2id$v=19$m=65536,t=3,p=4$crKsFcpLSU1dhnFcJ/ek1A$HKLxxb6FgVX4AmRIE0JQK4ycGmTaTtlA+ezrgmR81EE succesfully registred (Line: 98) user_loger [router.py]
 [94m WARNING (2024-05-31 22:29:40,975): User $argon2id$v=19$m=65536,t=3,p=4$BOgYgCepruBOUQYWxmUIOg$8g+JEb8h5GJY5YoBO1M78PBCm3ZauNLvaxekRl3IvyY is already exist (Line: 95) user_loger [router.py]
 [94m WARNING (2024-05-31 22:29:41,028): User $argon2id$v=19$m=65536,t=3,p=4$YU4upVpwFPXI9e8NJLbobQ$9bFhNJhXrKba7hT8L1lEOr7xtz+xPkxi9UhW/o5NsTE is already exist (Line: 95) user_loger [router.py]
 [94m INFO (2024-05-31 22:29:55,012): User $argon2id$v=19$m=65536,t=3,p=4$+7U97q+2EhUlOyArT2YiGw$mEIPFVofT0kyQ4nyIIaeYIAORJ673EH1GpOCeJlV5nc succesfully registred (Line: 98) user_loger [router.py]
 [94m WARNING (2024-05-31 22:29:55,119): User $argon2id$v=19$m=65536,t=3,p=4$skzSwT5SkQmVayjNg+u92Q$4rZoFuwy4qQSdVmW+1Un9ZP8UxCtzi8bCvFkqVb6mDk is already exist (Line: 95) user_loger [router.py]
 [94m WARNING (2024-05-31 22:29:55,175): User $argon2id$v=19$m=65536,t=3,p=4$AaUZGHSU8O6r9RaUTfQahw$TpPof11p//Y0uBu6XRQdJWzitl6H2Cn4ClZEILj14AI is already exist (Line: 95) user_loger [router.py]
 [94m INFO (2024-05-31 22:30:13,040): User $argon2id$v=19$m=65536,t=3,p=4$KjDo9dLk7usx6HXiFYbS0Q$MF7xaZ64ZaxIw68Ke9WO5C9q1csp5jiO7LTeqqAuLGI succesfully registred (Line: 98) user_loger [router.py]
 [94m WARNING (2024-05-31 22:30:13,145): User $argon2id$v=19$m=65536,t=3,p=4$96mP5ixdU8qDhT788zHpXA$DcIprA436IfAkLcZFUmMKlCr98QiLvPdmQMsKnJOR/o is already exist (Line: 95) user_loger [router.py]
 [94m WARNING (2024-05-31 22:30:13,199): User $argon2id$v=19$m=65536,t=3,p=4$jI7L5bUYzkjXxL38iRlbQQ$qvURikRmsE4zHG7EY5da6qD+QBUX6mqLfTBxNc9cVTc is already exist (Line: 95) user_loger [router.py]
 [94m INFO (2024-05-31 22:30:45,609): User $argon2id$v=19$m=65536,t=3,p=4$bbcuVPPYl2LhJO4Tdx91ig$dP2uvZVWcIt6F/dMD0vyf2w3EOwFWTXLBe94Ib/qq6w succesfully registred (Line: 98) user_loger [router.py]
 [94m WARNING (2024-05-31 22:30:45,721): User $argon2id$v=19$m=65536,t=3,p=4$MJPO+iJD258RE0zR3WX69A$aa9oFEnuUe4NJ1TkzwMkItNw3nwyWAw52oIioSwao4s is already exist (Line: 95) user_loger [router.py]
 [94m WARNING (2024-05-31 22:30:45,773): User $argon2id$v=19$m=65536,t=3,p=4$aItigPdwDuEHKsss2yIAKg$3R9faLlyKQRQH0GZ/b5mdlC2WHQZVPoqX7zbzU8pCyk is already exist (Line: 95) user_loger [router.py]
 [94m INFO (2024-05-31 22:32:16,444): User $argon2id$v=19$m=65536,t=3,p=4$Ifa12PIFmF9IxSEeCQnP4g$Op1LsxRM0E6UziZmjUFofqV7RanWu+v8l2hlFrHsHM4 succesfully registred (Line: 98) user_loger [router.py]
 [94m WARNING (2024-05-31 22:32:16,549): User $argon2id$v=19$m=65536,t=3,p=4$oXMprgOZBRg3//OB+n3mWg$uaqXXY+9gnk3G0DMd8450p7djN9MVb5dPPP/XnB4qt0 is already exist (Line: 95) user_loger [router.py]
 [94m WARNING (2024-05-31 22:32:16,603): User $argon2id$v=19$m=65536,t=3,p=4$E2x45fd5y4iK6wPfVa9Ieg$bHW8ap873brsBbDkuIQIhwqteAb6PaRnTeQocE4jMmg is already exist (Line: 95) user_loger [router.py]
 [94m INFO (2024-05-31 22:32:57,224): User $argon2id$v=19$m=65536,t=3,p=4$z9hsadsrtjAN002LrFooog$uPr5iKZA4NxxaMoIn3UGDtKZeMexoVkhYzT8kqn4tpw succesfully registred (Line: 98) user_loger [router.py]
 [94m WARNING (2024-05-31 22:32:57,331): User $argon2id$v=19$m=65536,t=3,p=4$WOeXl2ocmpl9CZFMsG6xFQ$Tx7HWzXOtVsqWNnRbPh0Tw3+ZF8ZIHyDOth3bjWiFIs is already exist (Line: 95) user_loger [router.py]
 [94m WARNING (2024-05-31 22:32:57,393): User $argon2id$v=19$m=65536,t=3,p=4$qkEFK/2FK2p1w2I/DRn99g$5EZaB0MpiuyIDQWQiDMYqjZ+Wyx8MaByPJql/yYnuRg is already exist (Line: 95) user_loger [router.py]
 [94m INFO (2024-05-31 22:33:15,068): User $argon2id$v=19$m=65536,t=3,p=4$/kd67nbhupOWkIW0F0FhSQ$NVTADMTDtARgGxWLK2EhmTnUThEdxBH7E14CXcTUJIg succesfully registred (Line: 98) user_loger [router.py]
 [94m WARNING (2024-05-31 22:33:15,176): User $argon2id$v=19$m=65536,t=3,p=4$sJkluBDNgU+2hauHjyQadw$U9kqHXCXVc0inleWVIYkmq1tAUGAqdbwp2GMW4IDcTY is already exist (Line: 95) user_loger [router.py]
 [94m WARNING (2024-05-31 22:33:15,227): User $argon2id$v=19$m=65536,t=3,p=4$VB7e8dDZ/D0yeecENoiChw$ZKl/9A3cFtykB0oaQk4/9HP/hWoZpFypjGGxG9sVvIw is already exist (Line: 95) user_loger [router.py]
 [94m INFO (2024-05-31 22:34:06,917): User $argon2id$v=19$m=65536,t=3,p=4$vISZPs3VbzJ0WQFCiz4fnQ$vWGiwtTR8GWxkv3Q8KlWNsqVHK567aYpQkjikSqkw0o succesfully registred (Line: 98) user_loger [router.py]
 [94m WARNING (2024-05-31 22:34:07,023): User $argon2id$v=19$m=65536,t=3,p=4$MAn50R7LgJlFr+ldkG6d/Q$v6QTIXqOuYg+4junNaMqcL3XvbQlmHO1Dr0KirFCiZQ is already exist (Line: 95) user_loger [router.py]
 [94m WARNING (2024-05-31 22:34:07,075): User $argon2id$v=19$m=65536,t=3,p=4$uTbsTJSQLgdKhAXEAlyeOg$IUkN8JdaGob/rT5YXeguzSNcQOJsC1+haJ22iTn6cCY is already exist (Line: 95) user_loger [router.py]
 [94m INFO (2024-05-31 22:39:58,221): User $argon2id$v=19$m=65536,t=3,p=4$kX1dwBYvs70DejftfXzgSA$88rb7RS4zsbERDF/6dA6LKGgI2GYajmEpO75LvqYu/s succesfully registred (Line: 98) user_loger [router.py]
 [94m WARNING (2024-05-31 22:39:58,333): User $argon2id$v=19$m=65536,t=3,p=4$gXt1nRkCFW8WzkOkpeibBg$MFOjtZ8qfdgaC6YwFJuDYPxxB+Zt7IGzcopN3+rbn+U is already exist (Line: 95) user_loger [router.py]
 [94m WARNING (2024-05-31 22:39:58,384): User $argon2id$v=19$m=65536,t=3,p=4$HH14H++XXLcwwsgZhKDBWQ$srHlg5oatzOu2vdHB+bFS7h5WZG3a8d3uMyQTxklMRI is already exist (Line: 95) user_loger [router.py]
 [94m INFO (2024-05-31 22:42:23,187): User $argon2id$v=19$m=65536,t=3,p=4$p8NLIVZ4BjeSnew38Fp/0A$p5MsSrgdiODkyn0eTIIVKnYFiINP1JUsoFWG3wNC5e0 succesfully registred (Line: 98) user_loger [router.py]
 [94m WARNING (2024-05-31 22:42:23,289): User $argon2id$v=19$m=65536,t=3,p=4$UAWj0vjiOGLeIafb6QorvQ$S7PPf+RN5p6BW1Gsawp2KMFEvpHTmo5x1EVSKG8uY6M is already exist (Line: 95) user_loger [router.py]
 [94m WARNING (2024-05-31 22:42:23,338): User $argon2id$v=19$m=65536,t=3,p=4$jE4imQigBu/eqQizRe+OEA$UyTd9qAoRDr5rciTKqAm0TVaWp5AJUFz0FeDl8RRGjQ is already exist (Line: 95) user_loger [router.py]
 [94m INFO (2024-05-31 22:43:09,307): User $argon2id$v=19$m=65536,t=3,p=4$Q2C+4oCRTOJPuQdPFCA8wA$Ur6T1Mcwle1rdkrTeL2HZ7AZj0Wg6Wuiro5r19Btr3c succesfully registred (Line: 98) user_loger [router.py]
 [94m WARNING (2024-05-31 22:43:09,409): User $argon2id$v=19$m=65536,t=3,p=4$SuG2mXFXZwTm/ECFtcfTBg$q+4YrOc4keYuSNnuOEg2KNyqbr/y3SG2AF2uvowttHM is already exist (Line: 95) user_loger [router.py]
 [94m WARNING (2024-05-31 22:43:09,459): User $argon2id$v=19$m=65536,t=3,p=4$JTm3Chcp89XK/wb3W9QFjw$HNrWp05+PKT5t8ST0YPwFoc7OpTmvBSqvPsFkyyScsY is already exist (Line: 95) user_loger [router.py]
 [94m INFO (2024-05-31 22:47:22,437): User $argon2id$v=19$m=65536,t=3,p=4$dZwyan662b0geOUh4JEYZw$rw1was/CtqYSVLWKESOPkUkcHOHQpyYWwxX0YWxQVf0 succesfully registred (Line: 98) user_loger [router.py]
 [94m WARNING (2024-05-31 22:47:22,539): User $argon2id$v=19$m=65536,t=3,p=4$RLSLjXCRTYe9fv7B7x9pKA$nfgo5ii3gFJGw4wU5EW15pg2hcTzF2ajajd7lVpn2no is already exist (Line: 95) user_loger [router.py]
 [94m WARNING (2024-05-31 22:47:22,590): User $argon2id$v=19$m=65536,t=3,p=4$tgjFN/WNCgOFPdNYCWUNaw$BbiRge89pUpSfq5oIHAb+vlfuhyppbGDzepj2JPhamQ is already exist (Line: 95) user_loger [router.py]
 [94m INFO (2024-05-31 22:48:04,602): User $argon2id$v=19$m=65536,t=3,p=4$EPcPveXSODsHbrG8JL1taQ$+8BOEfywAWJ+ranXOM81Q1TlywOqoUl4xIzWLYnv/GA succesfully registred (Line: 98) user_loger [router.py]
 [94m WARNING (2024-05-31 22:48:04,704): User $argon2id$v=19$m=65536,t=3,p=4$HplKEoOKNEfOSMXPp55jNg$A+4z37DDsLYdbDI5c5a8/Cdn84APS42KUgdvT0lU3TU is already exist (Line: 95) user_loger [router.py]
 [94m WARNING (2024-05-31 22:48:04,753): User $argon2id$v=19$m=65536,t=3,p=4$R3vRX31ktNIrj80bPAfKIw$Nd1NmdS4MmFS1Pd72kJn7fETCcJ7oGY+FgH37sbC+jY is already exist (Line: 95) user_loger [router.py]
 [94m INFO (2024-05-31 22:51:19,483): User $argon2id$v=19$m=65536,t=3,p=4$sZhteudsZJ8sxq2/N4642w$U60cRd3FRkp5yUifyX+gK+15+OFupWzoWfY6OIxFcM0 succesfully registred (Line: 98) user_loger [router.py]
 [94m WARNING (2024-05-31 22:51:19,589): User $argon2id$v=19$m=65536,t=3,p=4$Etxks2T34UQzPbU/xdIAIA$FP81v9dJdpn8/WXIzdt2FIDl2L8AHeQ/6ABtGcYk9LI is already exist (Line: 95) user_loger [router.py]
 [94m WARNING (2024-05-31 22:51:19,644): User $argon2id$v=19$m=65536,t=3,p=4$XpTNzWFFj1WO8LSiJdYefQ$NFSChxWjjTck/o1Zw7Zgc2xKNbfGyzXKtKNvUsJURDo is already exist (Line: 95) user_loger [router.py]
 [94m INFO (2024-05-31 22:52:22,247): User $argon2id$v=19$m=65536,t=3,p=4$btqEcJEYk+LG5XWHDHj2vw$0rXbVTE4aUudjXu2nqacio5YwfGt46AppH9d4H8ZTTA succesfully registred (Line: 98) user_loger [router.py]
 [94m WARNING (2024-05-31 22:52:22,355): User $argon2id$v=19$m=65536,t=3,p=4$VP2JLgRMPD20x5C0GMrlyA$VtCCFmUMZ+jl87Gq7Vxgcv4JoKKNGYLzYjlrbXsztEU is already exist (Line: 95) user_loger [router.py]
 [94m WARNING (2024-05-31 22:52:22,410): User $argon2id$v=19$m=65536,t=3,p=4$IWsuevxwPY707bIygUqwgA$sVZcVFofPwBJ1yX0ARACEmSqy1SjGjts7pQT55OGNNk is already exist (Line: 95) user_loger [router.py]
 [94m INFO (2024-05-31 22:52:35,067): User $argon2id$v=19$m=65536,t=3,p=4$mqdLzMQXXj8qLOnZecGW+w$6Afgh+JKYSch1rMep4YxDdkoS30dqcVs7G765YObgKs succesfully registred (Line: 98) user_loger [router.py]
 [94m WARNING (2024-05-31 22:52:35,175): User $argon2id$v=19$m=65536,t=3,p=4$fm9XFV5gCPQQvn+sapsF9A$enmh64h7U5GJIfIJfZm9u3MfFnvKetMV3OeZ4H5vAiw is already exist (Line: 95) user_loger [router.py]
 [94m WARNING (2024-05-31 22:52:35,229): User $argon2id$v=19$m=65536,t=3,p=4$I5QAwTnxJHhXEoAiQq+BAQ$fYtvXVcCtg7XZe+BRjL8uDrd96bCgdjA2jJptn7Hy0E is already exist (Line: 95) user_loger [router.py]
